<?xml version="1.0" encoding="UTF-8"?>
<!-- Generated by org.testng.reporters.JUnitReportReporter -->
<testsuite hostname="CONSULTANT-3" failures="0" tests="1" name="com.suadeo.WEB.Tests.Test_ContactLensesCategory" time="5.366" errors="0" timestamp="2023-08-29T09:28:06 CEST" skipped="0">
  <testcase classname="com.suadeo.WEB.Tests.Test_ContactLensesCategory" name="magrabi_ConatctLenses" time="5.366"/>
  <system-out/>
</testsuite> <!-- com.suadeo.WEB.Tests.Test_ContactLensesCategory -->
